#
# There is insufficient memory for the Java Runtime Environment to continue.
# Native memory allocation (malloc) failed to allocate 432496 bytes for Chunk::new
# Possible reasons:
#   The system is out of physical RAM or swap space
#   The process is running with CompressedOops enabled, and the Java Heap may be blocking the growth of the native heap
# Possible solutions:
#   Reduce memory load on the system
#   Increase physical memory or swap space
#   Check if swap backing store is full
#   Decrease Java heap size (-Xmx/-Xms)
#   Decrease number of Java threads
#   Decrease Java thread stack sizes (-Xss)
#   Set larger code cache with -XX:ReservedCodeCacheSize=
#   JVM is running with Unscaled Compressed Oops mode in which the Java heap is
#     placed in the first 4GB address space. The Java Heap base address is the
#     maximum limit for the native heap growth. Please use -XX:HeapBaseMinAddress
#     to set the Java Heap base and to place the Java Heap above 4GB virtual address.
# This output file may be truncated or incomplete.
#
#  Out of Memory Error (./src/hotspot/share/memory/arena.cpp:197), pid=14464, tid=1336
#
# JRE version: OpenJDK Runtime Environment (11.0.12+7) (build 11.0.12+7-b1504.28-7817840)
# Java VM: OpenJDK 64-Bit Server VM (11.0.12+7-b1504.28-7817840, mixed mode, tiered, compressed oops, g1 gc, windows-amd64)
# No core dump will be written. Minidumps are not enabled by default on client versions of Windows
#

---------------  S U M M A R Y ------------

Command Line: --add-opens=java.base/java.util=ALL-UNNAMED --add-opens=java.base/java.lang=ALL-UNNAMED --add-opens=java.base/java.lang.invoke=ALL-UNNAMED --add-opens=java.base/java.util=ALL-UNNAMED --add-opens=java.prefs/java.util.prefs=ALL-UNNAMED --add-opens=java.prefs/java.util.prefs=ALL-UNNAMED --add-opens=java.base/java.nio.charset=ALL-UNNAMED --add-opens=java.base/java.net=ALL-UNNAMED --add-opens=java.base/java.util.concurrent.atomic=ALL-UNNAMED -Xmx2048m -Dfile.encoding=UTF-8 -Duser.country=US -Duser.language=en -Duser.variant org.gradle.launcher.daemon.bootstrap.GradleDaemon 7.0.2

Host: Intel(R) Core(TM) i7-4810MQ CPU @ 2.80GHz, 8 cores, 15G,  Windows 10 , 64 bit Build 19041 (10.0.19041.1889)
Time: Mon Aug 29 01:40:12 2022 Egypt Standard Time elapsed time: 38.212172 seconds (0d 0h 0m 38s)

---------------  T H R E A D  ---------------

Current thread (0x00000166e00a9800):  JavaThread "C2 CompilerThread0" daemon [_thread_in_native, id=1336, stack(0x0000004ff9f00000,0x0000004ffa000000)]


Current CompileTask:
C2:  38212 5140       4       sun.nio.fs.WindowsPathParser::normalize (233 bytes)

Stack: [0x0000004ff9f00000,0x0000004ffa000000]
Native frames: (J=compiled Java code, j=interpreted, Vv=VM code, C=native code)
V  [jvm.dll+0x5fbcea]
V  [jvm.dll+0x731905]
V  [jvm.dll+0x732f1d]
V  [jvm.dll+0x7335d3]
V  [jvm.dll+0x247bf8]
V  [jvm.dll+0xc018c]
V  [jvm.dll+0xc06cc]
V  [jvm.dll+0x35b2db]
V  [jvm.dll+0x328803]
V  [jvm.dll+0x327cfa]
V  [jvm.dll+0x200602]
V  [jvm.dll+0x1ff794]
V  [jvm.dll+0x18868c]
V  [jvm.dll+0x20e0d7]
V  [jvm.dll+0x20c901]
V  [jvm.dll+0x6f9b7f]
V  [jvm.dll+0x6f26a5]
V  [jvm.dll+0x5fabf6]
C  [ucrtbase.dll+0x21bb2]
C  [KERNEL32.DLL+0x17034]
C  [ntdll.dll+0x52651]


---------------  P R O C E S S  ---------------

Threads class SMR info:
_java_thread_list=0x00000166e310a640, length=49, elements={
0x00000166c537b800, 0x00000166df84e800, 0x00000166e007e000, 0x00000166e00a3000,
0x00000166e00a4000, 0x00000166e00a5800, 0x00000166e00a9800, 0x00000166e00fc000,
0x00000166e00fd000, 0x00000166e029a800, 0x00000166e30f0800, 0x00000166e2126800,
0x00000166e212a000, 0x00000166e2128000, 0x00000166e2124000, 0x00000166e2129000,
0x00000166e212a800, 0x00000166e2127800, 0x00000166e2125000, 0x00000166e2125800,
0x00000166e1c78000, 0x00000166e1c76800, 0x00000166e1c75000, 0x00000166e1c77800,
0x00000166e1c73800, 0x00000166e1c72800, 0x00000166e1c74000, 0x00000166e1c79000,
0x00000166e1c7a000, 0x00000166e1c75800, 0x00000166e1c7e800, 0x00000166e1c7c800,
0x00000166e1c7e000, 0x00000166e1c7a800, 0x00000166e1c7d000, 0x00000166e1c81000,
0x00000166e38f2800, 0x00000166e38f1000, 0x00000166e38ed000, 0x00000166e38ef800,
0x00000166e38f2000, 0x00000166e38ed800, 0x00000166e38f0000, 0x00000166e38ee800,
0x00000166e38f5000, 0x00000166e38f3800, 0x00000166e38f6000, 0x00000166e38f9000,
0x00000166e38fa000
}

Java Threads: ( => current thread )
  0x00000166c537b800 JavaThread "main" [_thread_blocked, id=17104, stack(0x0000004ff9300000,0x0000004ff9400000)]
  0x00000166df84e800 JavaThread "Reference Handler" daemon [_thread_blocked, id=4608, stack(0x0000004ff9a00000,0x0000004ff9b00000)]
  0x00000166e007e000 JavaThread "Finalizer" daemon [_thread_blocked, id=13456, stack(0x0000004ff9b00000,0x0000004ff9c00000)]
  0x00000166e00a3000 JavaThread "Signal Dispatcher" daemon [_thread_blocked, id=13120, stack(0x0000004ff9c00000,0x0000004ff9d00000)]
  0x00000166e00a4000 JavaThread "Attach Listener" daemon [_thread_blocked, id=6732, stack(0x0000004ff9d00000,0x0000004ff9e00000)]
  0x00000166e00a5800 JavaThread "Service Thread" daemon [_thread_blocked, id=16800, stack(0x0000004ff9e00000,0x0000004ff9f00000)]
=>0x00000166e00a9800 JavaThread "C2 CompilerThread0" daemon [_thread_in_native, id=1336, stack(0x0000004ff9f00000,0x0000004ffa000000)]
  0x00000166e00fc000 JavaThread "C1 CompilerThread0" daemon [_thread_blocked, id=19012, stack(0x0000004ffa000000,0x0000004ffa100000)]
  0x00000166e00fd000 JavaThread "Sweeper thread" daemon [_thread_blocked, id=10140, stack(0x0000004ffa100000,0x0000004ffa200000)]
  0x00000166e029a800 JavaThread "Common-Cleaner" daemon [_thread_blocked, id=4644, stack(0x0000004ffa200000,0x0000004ffa300000)]
  0x00000166e30f0800 JavaThread "Daemon health stats" [_thread_blocked, id=10168, stack(0x0000004ffab00000,0x0000004ffac00000)]
  0x00000166e2126800 JavaThread "Incoming local TCP Connector on port 14467" [_thread_in_native, id=19968, stack(0x0000004ffa400000,0x0000004ffa500000)]
  0x00000166e212a000 JavaThread "Daemon periodic checks" [_thread_blocked, id=6276, stack(0x0000004ffaa00000,0x0000004ffab00000)]
  0x00000166e2128000 JavaThread "Daemon" [_thread_blocked, id=16840, stack(0x0000004ffac00000,0x0000004ffad00000)]
  0x00000166e2124000 JavaThread "Handler for socket connection from /127.0.0.1:14467 to /127.0.0.1:14468" [_thread_in_native, id=17924, stack(0x0000004ffad00000,0x0000004ffae00000)]
  0x00000166e2129000 JavaThread "Cancel handler" [_thread_blocked, id=7508, stack(0x0000004ffae00000,0x0000004ffaf00000)]
  0x00000166e212a800 JavaThread "Daemon worker" [_thread_in_native, id=2852, stack(0x0000004ffaf00000,0x0000004ffb000000)]
  0x00000166e2127800 JavaThread "Asynchronous log dispatcher for DefaultDaemonConnection: socket connection from /127.0.0.1:14467 to /127.0.0.1:14468" [_thread_blocked, id=18744, stack(0x0000004ffb000000,0x0000004ffb100000)]
  0x00000166e2125000 JavaThread "Stdin handler" [_thread_blocked, id=7500, stack(0x0000004ffb100000,0x0000004ffb200000)]
  0x00000166e2125800 JavaThread "Daemon client event forwarder" [_thread_blocked, id=8868, stack(0x0000004ffb200000,0x0000004ffb300000)]
  0x00000166e1c78000 JavaThread "Cache worker for file hash cache (C:\Users\AFAQE\.gradle\caches\7.0.2\fileHashes)" [_thread_blocked, id=13164, stack(0x0000004ffb300000,0x0000004ffb400000)]
  0x00000166e1c76800 JavaThread "File lock request listener" [_thread_in_native, id=16796, stack(0x0000004ffb400000,0x0000004ffb500000)]
  0x00000166e1c75000 JavaThread "Cache worker for journal cache (C:\Users\AFAQE\.gradle\caches\journal-1)" [_thread_blocked, id=7892, stack(0x0000004ffb800000,0x0000004ffb900000)]
  0x00000166e1c77800 JavaThread "Cache worker for file hash cache (G:\Android With Kotlin\NoteApp\.gradle\7.0.2\fileHashes)" [_thread_blocked, id=1164, stack(0x0000004ffb900000,0x0000004ffba00000)]
  0x00000166e1c73800 JavaThread "File watcher server" daemon [_thread_in_native, id=10080, stack(0x0000004ffbb00000,0x0000004ffbc00000)]
  0x00000166e1c72800 JavaThread "File watcher consumer" daemon [_thread_blocked, id=12452, stack(0x0000004ffbc00000,0x0000004ffbd00000)]
  0x00000166e1c74000 JavaThread "Cache worker for checksums cache (G:\Android With Kotlin\NoteApp\.gradle\checksums)" [_thread_blocked, id=19672, stack(0x0000004ffba00000,0x0000004ffbb00000)]
  0x00000166e1c79000 JavaThread "Cache worker for cache directory md-supplier (C:\Users\AFAQE\.gradle\caches\7.0.2\md-supplier)" [_thread_blocked, id=12352, stack(0x0000004ffbd00000,0x0000004ffbe00000)]
  0x00000166e1c7a000 JavaThread "Cache worker for cache directory md-rule (C:\Users\AFAQE\.gradle\caches\7.0.2\md-rule)" [_thread_blocked, id=18388, stack(0x0000004ffbf00000,0x0000004ffc000000)]
  0x00000166e1c75800 JavaThread "Cache worker for execution history cache (C:\Users\AFAQE\.gradle\caches\7.0.2\executionHistory)" [_thread_blocked, id=9644, stack(0x0000004ffc000000,0x0000004ffc100000)]
  0x00000166e1c7e800 JavaThread "jar transforms" [_thread_blocked, id=6020, stack(0x0000004ffc100000,0x0000004ffc200000)]
  0x00000166e1c7c800 JavaThread "jar transforms Thread 2" [_thread_blocked, id=16412, stack(0x0000004ffc200000,0x0000004ffc300000)]
  0x00000166e1c7e000 JavaThread "Cache worker for file content cache (C:\Users\AFAQE\.gradle\caches\7.0.2\fileContent)" [_thread_blocked, id=11296, stack(0x0000004ffc300000,0x0000004ffc400000)]
  0x00000166e1c7a800 JavaThread "Cache worker for dependencies-accessors (G:\Android With Kotlin\NoteApp\.gradle\7.0.2\dependencies-accessors)" [_thread_blocked, id=16656, stack(0x0000004ffc400000,0x0000004ffc500000)]
  0x00000166e1c7d000 JavaThread "jar transforms Thread 3" [_thread_blocked, id=9640, stack(0x0000004ffbe00000,0x0000004ffbf00000)]
  0x00000166e1c81000 JavaThread "Cache worker for Build Output Cleanup Cache (G:\Android With Kotlin\NoteApp\.gradle\buildOutputCleanup)" [_thread_blocked, id=13324, stack(0x0000004ffc500000,0x0000004ffc600000)]
  0x00000166e38f2800 JavaThread "Build operations" [_thread_blocked, id=11612, stack(0x0000004ffc600000,0x0000004ffc700000)]
  0x00000166e38f1000 JavaThread "Build operations Thread 2" [_thread_blocked, id=7600, stack(0x0000004ffc700000,0x0000004ffc800000)]
  0x00000166e38ed000 JavaThread "Build operations Thread 3" [_thread_blocked, id=12056, stack(0x0000004ffc800000,0x0000004ffc900000)]
  0x00000166e38ef800 JavaThread "Build operations Thread 4" [_thread_blocked, id=3488, stack(0x0000004ffc900000,0x0000004ffca00000)]
  0x00000166e38f2000 JavaThread "Build operations Thread 5" [_thread_blocked, id=2864, stack(0x0000004ffca00000,0x0000004ffcb00000)]
  0x00000166e38ed800 JavaThread "Build operations Thread 6" [_thread_blocked, id=5184, stack(0x0000004ffcb00000,0x0000004ffcc00000)]
  0x00000166e38f0000 JavaThread "Build operations Thread 7" [_thread_blocked, id=4272, stack(0x0000004ffcc00000,0x0000004ffcd00000)]
  0x00000166e38ee800 JavaThread "Build operations Thread 8" [_thread_blocked, id=18532, stack(0x0000004ffcd00000,0x0000004ffce00000)]
  0x00000166e38f5000 JavaThread "jar transforms Thread 4" [_thread_blocked, id=19196, stack(0x0000004ffce00000,0x0000004ffcf00000)]
  0x00000166e38f3800 JavaThread "jar transforms Thread 5" [_thread_blocked, id=10052, stack(0x0000004ffcf00000,0x0000004ffd000000)]
  0x00000166e38f6000 JavaThread "jar transforms Thread 6" [_thread_blocked, id=11956, stack(0x0000004ffd000000,0x0000004ffd100000)]
  0x00000166e38f9000 JavaThread "jar transforms Thread 7" [_thread_blocked, id=12936, stack(0x0000004ffd100000,0x0000004ffd200000)]
  0x00000166e38fa000 JavaThread "jar transforms Thread 8" [_thread_blocked, id=19972, stack(0x0000004ffd300000,0x0000004ffd400000)]

Other Threads:
  0x00000166df84d800 VMThread "VM Thread" [stack: 0x0000004ff9900000,0x0000004ff9a00000] [id=13880]
  0x00000166e02ac000 WatcherThread [stack: 0x0000004ffa300000,0x0000004ffa400000] [id=16952]
  0x00000166c5395000 GCTaskThread "GC Thread#0" [stack: 0x0000004ff9400000,0x0000004ff9500000] [id=10312]
  0x00000166e1278000 GCTaskThread "GC Thread#1" [stack: 0x0000004ffa500000,0x0000004ffa600000] [id=10220]
  0x00000166e0dc8000 GCTaskThread "GC Thread#2" [stack: 0x0000004ffa600000,0x0000004ffa700000] [id=5388]
  0x00000166e0fa8800 GCTaskThread "GC Thread#3" [stack: 0x0000004ffa700000,0x0000004ffa800000] [id=1804]
  0x00000166e0f5b800 GCTaskThread "GC Thread#4" [stack: 0x0000004ffa800000,0x0000004ffa900000] [id=11576]
  0x00000166e0d90000 GCTaskThread "GC Thread#5" [stack: 0x0000004ffa900000,0x0000004ffaa00000] [id=20368]
  0x00000166e0d86000 GCTaskThread "GC Thread#6" [stack: 0x0000004ffb500000,0x0000004ffb600000] [id=1996]
  0x00000166e0d86800 GCTaskThread "GC Thread#7" [stack: 0x0000004ffb600000,0x0000004ffb700000] [id=13332]
  0x00000166c53c9000 ConcurrentGCThread "G1 Main Marker" [stack: 0x0000004ff9500000,0x0000004ff9600000] [id=11428]
  0x00000166c53ca800 ConcurrentGCThread "G1 Conc#0" [stack: 0x0000004ff9600000,0x0000004ff9700000] [id=12856]
  0x00000166e1084000 ConcurrentGCThread "G1 Conc#1" [stack: 0x0000004ffb700000,0x0000004ffb800000] [id=19812]
  0x00000166c545e000 ConcurrentGCThread "G1 Refine#0" [stack: 0x0000004ff9700000,0x0000004ff9800000] [id=17616]
  0x00000166df6ca800 ConcurrentGCThread "G1 Young RemSet Sampling" [stack: 0x0000004ff9800000,0x0000004ff9900000] [id=756]

Threads with active compile tasks:
C2 CompilerThread0  38409 5140       4       sun.nio.fs.WindowsPathParser::normalize (233 bytes)

VM state:not at safepoint (normal execution)

VM Mutex/Monitor currently owned by a thread: None

Heap address: 0x0000000080000000, size: 2048 MB, Compressed Oops mode: 32-bit
Narrow klass base: 0x0000000000000000, Narrow klass shift: 3
Compressed class space size: 1073741824 Address: 0x0000000100000000

Heap:
 garbage-first heap   total 258048K, used 79003K [0x0000000080000000, 0x0000000100000000)
  region size 1024K, 62 young (63488K), 12 survivors (12288K)
 Metaspace       used 47023K, capacity 48231K, committed 48380K, reserved 1091584K
  class space    used 5989K, capacity 6421K, committed 6528K, reserved 1048576K
Heap Regions: E=young(eden), S=young(survivor), O=old, HS=humongous(starts), HC=humongous(continues), CS=collection set, F=free, A=archive, TAMS=top-at-mark-start (previous, next)
|   0|0x0000000080000000, 0x0000000080100000, 0x0000000080100000|100%| O|  |TAMS 0x0000000080100000, 0x0000000080000000| Untracked 
|   1|0x0000000080100000, 0x0000000080200000, 0x0000000080200000|100%| O|  |TAMS 0x0000000080200000, 0x0000000080100000| Untracked 
|   2|0x0000000080200000, 0x0000000080300000, 0x0000000080300000|100%| O|  |TAMS 0x0000000080300000, 0x0000000080200000| Untracked 
|   3|0x0000000080300000, 0x0000000080400000, 0x0000000080400000|100%|HS|  |TAMS 0x0000000080400000, 0x0000000080300000| Complete 
|   4|0x0000000080400000, 0x0000000080500000, 0x0000000080500000|100%|HC|  |TAMS 0x0000000080500000, 0x0000000080400000| Complete 
|   5|0x0000000080500000, 0x0000000080600000, 0x0000000080600000|100%|HC|  |TAMS 0x0000000080600000, 0x0000000080500000| Complete 
|   6|0x0000000080600000, 0x0000000080700000, 0x0000000080700000|100%| O|  |TAMS 0x0000000080700000, 0x0000000080600000| Untracked 
|   7|0x0000000080700000, 0x0000000080800000, 0x0000000080800000|100%| O|  |TAMS 0x0000000080800000, 0x0000000080700000| Untracked 
|   8|0x0000000080800000, 0x0000000080900000, 0x0000000080900000|100%| O|  |TAMS 0x0000000080900000, 0x0000000080800000| Untracked 
|   9|0x0000000080900000, 0x0000000080a00000, 0x0000000080a00000|100%| O|  |TAMS 0x0000000080a00000, 0x0000000080900000| Untracked 
|  10|0x0000000080a00000, 0x0000000080b00000, 0x0000000080b00000|100%| O|  |TAMS 0x0000000080b00000, 0x0000000080a00000| Untracked 
|  11|0x0000000080b00000, 0x0000000080c00000, 0x0000000080c00000|100%| O|  |TAMS 0x0000000080c00000, 0x0000000080b00000| Untracked 
|  12|0x0000000080c00000, 0x0000000080d00000, 0x0000000080d00000|100%| O|  |TAMS 0x0000000080d00000, 0x0000000080c00000| Untracked 
|  13|0x0000000080d00000, 0x0000000080e00000, 0x0000000080e00000|100%| O|  |TAMS 0x0000000080e00000, 0x0000000080d00000| Untracked 
|  14|0x0000000080e00000, 0x0000000080f00000, 0x0000000080f00000|100%| O|  |TAMS 0x0000000080f00000, 0x0000000080e00000| Untracked 
|  15|0x0000000080f00000, 0x0000000081000000, 0x0000000081000000|100%| O|  |TAMS 0x0000000081000000, 0x0000000080f00000| Untracked 
|  16|0x0000000081000000, 0x000000008102ac00, 0x0000000081100000| 16%| O|  |TAMS 0x000000008102ac00, 0x0000000081000000| Untracked 
|  17|0x0000000081100000, 0x0000000081100000, 0x0000000081200000|  0%| F|  |TAMS 0x0000000081100000, 0x0000000081100000| Untracked 
|  18|0x0000000081200000, 0x0000000081200000, 0x0000000081300000|  0%| F|  |TAMS 0x0000000081200000, 0x0000000081200000| Untracked 
|  19|0x0000000081300000, 0x0000000081300000, 0x0000000081400000|  0%| F|  |TAMS 0x0000000081300000, 0x0000000081300000| Untracked 
|  20|0x0000000081400000, 0x0000000081400000, 0x0000000081500000|  0%| F|  |TAMS 0x0000000081400000, 0x0000000081400000| Untracked 
|  21|0x0000000081500000, 0x0000000081500000, 0x0000000081600000|  0%| F|  |TAMS 0x0000000081500000, 0x0000000081500000| Untracked 
|  22|0x0000000081600000, 0x0000000081600000, 0x0000000081700000|  0%| F|  |TAMS 0x0000000081600000, 0x0000000081600000| Untracked 
|  23|0x0000000081700000, 0x0000000081700000, 0x0000000081800000|  0%| F|  |TAMS 0x0000000081700000, 0x0000000081700000| Untracked 
|  24|0x0000000081800000, 0x0000000081800000, 0x0000000081900000|  0%| F|  |TAMS 0x0000000081800000, 0x0000000081800000| Untracked 
|  25|0x0000000081900000, 0x0000000081900000, 0x0000000081a00000|  0%| F|  |TAMS 0x0000000081900000, 0x0000000081900000| Untracked 
|  26|0x0000000081a00000, 0x0000000081a00000, 0x0000000081b00000|  0%| F|  |TAMS 0x0000000081a00000, 0x0000000081a00000| Untracked 
|  27|0x0000000081b00000, 0x0000000081b00000, 0x0000000081c00000|  0%| F|  |TAMS 0x0000000081b00000, 0x0000000081b00000| Untracked 
|  28|0x0000000081c00000, 0x0000000081c00000, 0x0000000081d00000|  0%| F|  |TAMS 0x0000000081c00000, 0x0000000081c00000| Untracked 
|  29|0x0000000081d00000, 0x0000000081d00000, 0x0000000081e00000|  0%| F|  |TAMS 0x0000000081d00000, 0x0000000081d00000| Untracked 
|  30|0x0000000081e00000, 0x0000000081e00000, 0x0000000081f00000|  0%| F|  |TAMS 0x0000000081e00000, 0x0000000081e00000| Untracked 
|  31|0x0000000081f00000, 0x0000000081f00000, 0x0000000082000000|  0%| F|  |TAMS 0x0000000081f00000, 0x0000000081f00000| Untracked 
|  32|0x0000000082000000, 0x0000000082000000, 0x0000000082100000|  0%| F|  |TAMS 0x0000000082000000, 0x0000000082000000| Untracked 
|  33|0x0000000082100000, 0x0000000082100000, 0x0000000082200000|  0%| F|  |TAMS 0x0000000082100000, 0x0000000082100000| Untracked 
|  34|0x0000000082200000, 0x0000000082200000, 0x0000000082300000|  0%| F|  |TAMS 0x0000000082200000, 0x0000000082200000| Untracked 
|  35|0x0000000082300000, 0x0000000082300000, 0x0000000082400000|  0%| F|  |TAMS 0x0000000082300000, 0x0000000082300000| Untracked 
|  36|0x0000000082400000, 0x0000000082400000, 0x0000000082500000|  0%| F|  |TAMS 0x0000000082400000, 0x0000000082400000| Untracked 
|  37|0x0000000082500000, 0x0000000082500000, 0x0000000082600000|  0%| F|  |TAMS 0x0000000082500000, 0x0000000082500000| Untracked 
|  38|0x0000000082600000, 0x0000000082600000, 0x0000000082700000|  0%| F|  |TAMS 0x0000000082600000, 0x0000000082600000| Untracked 
|  39|0x0000000082700000, 0x0000000082700000, 0x0000000082800000|  0%| F|  |TAMS 0x0000000082700000, 0x0000000082700000| Untracked 
|  40|0x0000000082800000, 0x0000000082800000, 0x0000000082900000|  0%| F|  |TAMS 0x0000000082800000, 0x0000000082800000| Untracked 
|  41|0x0000000082900000, 0x0000000082900000, 0x0000000082a00000|  0%| F|  |TAMS 0x0000000082900000, 0x0000000082900000| Untracked 
|  42|0x0000000082a00000, 0x0000000082a00000, 0x0000000082b00000|  0%| F|  |TAMS 0x0000000082a00000, 0x0000000082a00000| Untracked 
|  43|0x0000000082b00000, 0x0000000082b00000, 0x0000000082c00000|  0%| F|  |TAMS 0x0000000082b00000, 0x0000000082b00000| Untracked 
|  44|0x0000000082c00000, 0x0000000082c00000, 0x0000000082d00000|  0%| F|  |TAMS 0x0000000082c00000, 0x0000000082c00000| Untracked 
|  45|0x0000000082d00000, 0x0000000082d00000, 0x0000000082e00000|  0%| F|  |TAMS 0x0000000082d00000, 0x0000000082d00000| Untracked 
|  46|0x0000000082e00000, 0x0000000082e00000, 0x0000000082f00000|  0%| F|  |TAMS 0x0000000082e00000, 0x0000000082e00000| Untracked 
|  47|0x0000000082f00000, 0x0000000082f00000, 0x0000000083000000|  0%| F|  |TAMS 0x0000000082f00000, 0x0000000082f00000| Untracked 
|  48|0x0000000083000000, 0x0000000083000000, 0x0000000083100000|  0%| F|  |TAMS 0x0000000083000000, 0x0000000083000000| Untracked 
|  49|0x0000000083100000, 0x0000000083100000, 0x0000000083200000|  0%| F|  |TAMS 0x0000000083100000, 0x0000000083100000| Untracked 
|  50|0x0000000083200000, 0x0000000083200000, 0x0000000083300000|  0%| F|  |TAMS 0x0000000083200000, 0x0000000083200000| Untracked 
|  51|0x0000000083300000, 0x0000000083300000, 0x0000000083400000|  0%| F|  |TAMS 0x0000000083300000, 0x0000000083300000| Untracked 
|  52|0x0000000083400000, 0x0000000083400000, 0x0000000083500000|  0%| F|  |TAMS 0x0000000083400000, 0x0000000083400000| Untracked 
|  53|0x0000000083500000, 0x0000000083500000, 0x0000000083600000|  0%| F|  |TAMS 0x0000000083500000, 0x0000000083500000| Untracked 
|  54|0x0000000083600000, 0x0000000083600000, 0x0000000083700000|  0%| F|  |TAMS 0x0000000083600000, 0x0000000083600000| Untracked 
|  55|0x0000000083700000, 0x0000000083700000, 0x0000000083800000|  0%| F|  |TAMS 0x0000000083700000, 0x0000000083700000| Untracked 
|  56|0x0000000083800000, 0x0000000083800000, 0x0000000083900000|  0%| F|  |TAMS 0x0000000083800000, 0x0000000083800000| Untracked 
|  57|0x0000000083900000, 0x0000000083900000, 0x0000000083a00000|  0%| F|  |TAMS 0x0000000083900000, 0x0000000083900000| Untracked 
|  58|0x0000000083a00000, 0x0000000083a00000, 0x0000000083b00000|  0%| F|  |TAMS 0x0000000083a00000, 0x0000000083a00000| Untracked 
|  59|0x0000000083b00000, 0x0000000083b00000, 0x0000000083c00000|  0%| F|  |TAMS 0x0000000083b00000, 0x0000000083b00000| Untracked 
|  60|0x0000000083c00000, 0x0000000083c00000, 0x0000000083d00000|  0%| F|  |TAMS 0x0000000083c00000, 0x0000000083c00000| Untracked 
|  61|0x0000000083d00000, 0x0000000083d00000, 0x0000000083e00000|  0%| F|  |TAMS 0x0000000083d00000, 0x0000000083d00000| Untracked 
|  62|0x0000000083e00000, 0x0000000083e00000, 0x0000000083f00000|  0%| F|  |TAMS 0x0000000083e00000, 0x0000000083e00000| Untracked 
|  63|0x0000000083f00000, 0x0000000083f00000, 0x0000000084000000|  0%| F|  |TAMS 0x0000000083f00000, 0x0000000083f00000| Untracked 
|  64|0x0000000084000000, 0x0000000084000000, 0x0000000084100000|  0%| F|  |TAMS 0x0000000084000000, 0x0000000084000000| Untracked 
|  65|0x0000000084100000, 0x0000000084100000, 0x0000000084200000|  0%| F|  |TAMS 0x0000000084100000, 0x0000000084100000| Untracked 
|  66|0x0000000084200000, 0x0000000084200000, 0x0000000084300000|  0%| F|  |TAMS 0x0000000084200000, 0x0000000084200000| Untracked 
|  67|0x0000000084300000, 0x0000000084300000, 0x0000000084400000|  0%| F|  |TAMS 0x0000000084300000, 0x0000000084300000| Untracked 
|  68|0x0000000084400000, 0x0000000084400000, 0x0000000084500000|  0%| F|  |TAMS 0x0000000084400000, 0x0000000084400000| Untracked 
|  69|0x0000000084500000, 0x0000000084500000, 0x0000000084600000|  0%| F|  |TAMS 0x0000000084500000, 0x0000000084500000| Untracked 
|  70|0x0000000084600000, 0x0000000084600000, 0x0000000084700000|  0%| F|  |TAMS 0x0000000084600000, 0x0000000084600000| Untracked 
|  71|0x0000000084700000, 0x0000000084700000, 0x0000000084800000|  0%| F|  |TAMS 0x0000000084700000, 0x0000000084700000| Untracked 
|  72|0x0000000084800000, 0x0000000084800000, 0x0000000084900000|  0%| F|  |TAMS 0x0000000084800000, 0x0000000084800000| Untracked 
|  73|0x0000000084900000, 0x0000000084900000, 0x0000000084a00000|  0%| F|  |TAMS 0x0000000084900000, 0x0000000084900000| Untracked 
|  74|0x0000000084a00000, 0x0000000084a00000, 0x0000000084b00000|  0%| F|  |TAMS 0x0000000084a00000, 0x0000000084a00000| Untracked 
|  75|0x0000000084b00000, 0x0000000084b00000, 0x0000000084c00000|  0%| F|  |TAMS 0x0000000084b00000, 0x0000000084b00000| Untracked 
|  76|0x0000000084c00000, 0x0000000084c00000, 0x0000000084d00000|  0%| F|  |TAMS 0x0000000084c00000, 0x0000000084c00000| Untracked 
|  77|0x0000000084d00000, 0x0000000084d00000, 0x0000000084e00000|  0%| F|  |TAMS 0x0000000084d00000, 0x0000000084d00000| Untracked 
|  78|0x0000000084e00000, 0x0000000084e00000, 0x0000000084f00000|  0%| F|  |TAMS 0x0000000084e00000, 0x0000000084e00000| Untracked 
|  79|0x0000000084f00000, 0x0000000084f00000, 0x0000000085000000|  0%| F|  |TAMS 0x0000000084f00000, 0x0000000084f00000| Untracked 
|  80|0x0000000085000000, 0x0000000085000000, 0x0000000085100000|  0%| F|  |TAMS 0x0000000085000000, 0x0000000085000000| Untracked 
|  81|0x0000000085100000, 0x0000000085100000, 0x0000000085200000|  0%| F|  |TAMS 0x0000000085100000, 0x0000000085100000| Untracked 
|  82|0x0000000085200000, 0x0000000085200000, 0x0000000085300000|  0%| F|  |TAMS 0x0000000085200000, 0x0000000085200000| Untracked 
|  83|0x0000000085300000, 0x0000000085300000, 0x0000000085400000|  0%| F|  |TAMS 0x0000000085300000, 0x0000000085300000| Untracked 
|  84|0x0000000085400000, 0x0000000085400000, 0x0000000085500000|  0%| F|  |TAMS 0x0000000085400000, 0x0000000085400000| Untracked 
|  85|0x0000000085500000, 0x0000000085500000, 0x0000000085600000|  0%| F|  |TAMS 0x0000000085500000, 0x0000000085500000| Untracked 
|  86|0x0000000085600000, 0x0000000085600000, 0x0000000085700000|  0%| F|  |TAMS 0x0000000085600000, 0x0000000085600000| Untracked 
|  87|0x0000000085700000, 0x0000000085700000, 0x0000000085800000|  0%| F|  |TAMS 0x0000000085700000, 0x0000000085700000| Untracked 
|  88|0x0000000085800000, 0x0000000085800000, 0x0000000085900000|  0%| F|  |TAMS 0x0000000085800000, 0x0000000085800000| Untracked 
|  89|0x0000000085900000, 0x0000000085900000, 0x0000000085a00000|  0%| F|  |TAMS 0x0000000085900000, 0x0000000085900000| Untracked 
|  90|0x0000000085a00000, 0x0000000085a00000, 0x0000000085b00000|  0%| F|  |TAMS 0x0000000085a00000, 0x0000000085a00000| Untracked 
|  91|0x0000000085b00000, 0x0000000085b00000, 0x0000000085c00000|  0%| F|  |TAMS 0x0000000085b00000, 0x0000000085b00000| Untracked 
|  92|0x0000000085c00000, 0x0000000085c00000, 0x0000000085d00000|  0%| F|  |TAMS 0x0000000085c00000, 0x0000000085c00000| Untracked 
|  93|0x0000000085d00000, 0x0000000085d00000, 0x0000000085e00000|  0%| F|  |TAMS 0x0000000085d00000, 0x0000000085d00000| Untracked 
|  94|0x0000000085e00000, 0x0000000085e00000, 0x0000000085f00000|  0%| F|  |TAMS 0x0000000085e00000, 0x0000000085e00000| Untracked 
|  95|0x0000000085f00000, 0x0000000085f00000, 0x0000000086000000|  0%| F|  |TAMS 0x0000000085f00000, 0x0000000085f00000| Untracked 
|  96|0x0000000086000000, 0x0000000086000000, 0x0000000086100000|  0%| F|  |TAMS 0x0000000086000000, 0x0000000086000000| Untracked 
|  97|0x0000000086100000, 0x0000000086100000, 0x0000000086200000|  0%| F|  |TAMS 0x0000000086100000, 0x0000000086100000| Untracked 
|  98|0x0000000086200000, 0x0000000086200000, 0x0000000086300000|  0%| F|  |TAMS 0x0000000086200000, 0x0000000086200000| Untracked 
|  99|0x0000000086300000, 0x0000000086300000, 0x0000000086400000|  0%| F|  |TAMS 0x0000000086300000, 0x0000000086300000| Untracked 
| 100|0x0000000086400000, 0x0000000086400000, 0x0000000086500000|  0%| F|  |TAMS 0x0000000086400000, 0x0000000086400000| Untracked 
| 101|0x0000000086500000, 0x0000000086500000, 0x0000000086600000|  0%| F|  |TAMS 0x0000000086500000, 0x0000000086500000| Untracked 
| 102|0x0000000086600000, 0x0000000086600000, 0x0000000086700000|  0%| F|  |TAMS 0x0000000086600000, 0x0000000086600000| Untracked 
| 103|0x0000000086700000, 0x0000000086700000, 0x0000000086800000|  0%| F|  |TAMS 0x0000000086700000, 0x0000000086700000| Untracked 
| 104|0x0000000086800000, 0x0000000086800000, 0x0000000086900000|  0%| F|  |TAMS 0x0000000086800000, 0x0000000086800000| Untracked 
| 105|0x0000000086900000, 0x0000000086900000, 0x0000000086a00000|  0%| F|  |TAMS 0x0000000086900000, 0x0000000086900000| Untracked 
| 106|0x0000000086a00000, 0x0000000086a00000, 0x0000000086b00000|  0%| F|  |TAMS 0x0000000086a00000, 0x0000000086a00000| Untracked 
| 107|0x0000000086b00000, 0x0000000086b00000, 0x0000000086c00000|  0%| F|  |TAMS 0x0000000086b00000, 0x0000000086b00000| Untracked 
| 108|0x0000000086c00000, 0x0000000086c00000, 0x0000000086d00000|  0%| F|  |TAMS 0x0000000086c00000, 0x0000000086c00000| Untracked 
| 109|0x0000000086d00000, 0x0000000086d00000, 0x0000000086e00000|  0%| F|  |TAMS 0x0000000086d00000, 0x0000000086d00000| Untracked 
| 110|0x0000000086e00000, 0x0000000086e00000, 0x0000000086f00000|  0%| F|  |TAMS 0x0000000086e00000, 0x0000000086e00000| Untracked 
| 111|0x0000000086f00000, 0x0000000086f00000, 0x0000000087000000|  0%| F|  |TAMS 0x0000000086f00000, 0x0000000086f00000| Untracked 
| 112|0x0000000087000000, 0x0000000087000000, 0x0000000087100000|  0%| F|  |TAMS 0x0000000087000000, 0x0000000087000000| Untracked 
| 113|0x0000000087100000, 0x0000000087100000, 0x0000000087200000|  0%| F|  |TAMS 0x0000000087100000, 0x0000000087100000| Untracked 
| 114|0x0000000087200000, 0x0000000087200000, 0x0000000087300000|  0%| F|  |TAMS 0x0000000087200000, 0x0000000087200000| Untracked 
| 115|0x0000000087300000, 0x0000000087300000, 0x0000000087400000|  0%| F|  |TAMS 0x0000000087300000, 0x0000000087300000| Untracked 
| 116|0x0000000087400000, 0x0000000087400000, 0x0000000087500000|  0%| F|  |TAMS 0x0000000087400000, 0x0000000087400000| Untracked 
| 117|0x0000000087500000, 0x0000000087500000, 0x0000000087600000|  0%| F|  |TAMS 0x0000000087500000, 0x0000000087500000| Untracked 
| 118|0x0000000087600000, 0x0000000087600000, 0x0000000087700000|  0%| F|  |TAMS 0x0000000087600000, 0x0000000087600000| Untracked 
| 119|0x0000000087700000, 0x0000000087700000, 0x0000000087800000|  0%| F|  |TAMS 0x0000000087700000, 0x0000000087700000| Untracked 
| 120|0x0000000087800000, 0x0000000087800000, 0x0000000087900000|  0%| F|  |TAMS 0x0000000087800000, 0x0000000087800000| Untracked 
| 121|0x0000000087900000, 0x00000000879fc390, 0x0000000087a00000| 98%| S|CS|TAMS 0x0000000087900000, 0x0000000087900000| Complete 
| 122|0x0000000087a00000, 0x0000000087b00000, 0x0000000087b00000|100%| S|CS|TAMS 0x0000000087a00000, 0x0000000087a00000| Complete 
| 123|0x0000000087b00000, 0x0000000087c00000, 0x0000000087c00000|100%| S|CS|TAMS 0x0000000087b00000, 0x0000000087b00000| Complete 
| 124|0x0000000087c00000, 0x0000000087d00000, 0x0000000087d00000|100%| S|CS|TAMS 0x0000000087c00000, 0x0000000087c00000| Complete 
| 125|0x0000000087d00000, 0x0000000087e00000, 0x0000000087e00000|100%| S|CS|TAMS 0x0000000087d00000, 0x0000000087d00000| Complete 
| 126|0x0000000087e00000, 0x0000000087f00000, 0x0000000087f00000|100%| S|CS|TAMS 0x0000000087e00000, 0x0000000087e00000| Complete 
| 127|0x0000000087f00000, 0x0000000088000000, 0x0000000088000000|100%| S|CS|TAMS 0x0000000087f00000, 0x0000000087f00000| Complete 
| 128|0x0000000088000000, 0x0000000088100000, 0x0000000088100000|100%| S|CS|TAMS 0x0000000088000000, 0x0000000088000000| Complete 
| 129|0x0000000088100000, 0x0000000088200000, 0x0000000088200000|100%| S|CS|TAMS 0x0000000088100000, 0x0000000088100000| Complete 
| 130|0x0000000088200000, 0x0000000088300000, 0x0000000088300000|100%| S|CS|TAMS 0x0000000088200000, 0x0000000088200000| Complete 
| 131|0x0000000088300000, 0x0000000088400000, 0x0000000088400000|100%| S|CS|TAMS 0x0000000088300000, 0x0000000088300000| Complete 
| 132|0x0000000088400000, 0x0000000088500000, 0x0000000088500000|100%| S|CS|TAMS 0x0000000088400000, 0x0000000088400000| Complete 
| 133|0x0000000088500000, 0x0000000088500000, 0x0000000088600000|  0%| F|  |TAMS 0x0000000088500000, 0x0000000088500000| Untracked 
| 134|0x0000000088600000, 0x0000000088600000, 0x0000000088700000|  0%| F|  |TAMS 0x0000000088600000, 0x0000000088600000| Untracked 
| 135|0x0000000088700000, 0x0000000088700000, 0x0000000088800000|  0%| F|  |TAMS 0x0000000088700000, 0x0000000088700000| Untracked 
| 136|0x0000000088800000, 0x0000000088800000, 0x0000000088900000|  0%| F|  |TAMS 0x0000000088800000, 0x0000000088800000| Untracked 
| 137|0x0000000088900000, 0x0000000088900000, 0x0000000088a00000|  0%| F|  |TAMS 0x0000000088900000, 0x0000000088900000| Untracked 
| 138|0x0000000088a00000, 0x0000000088a00000, 0x0000000088b00000|  0%| F|  |TAMS 0x0000000088a00000, 0x0000000088a00000| Untracked 
| 139|0x0000000088b00000, 0x0000000088b00000, 0x0000000088c00000|  0%| F|  |TAMS 0x0000000088b00000, 0x0000000088b00000| Untracked 
| 140|0x0000000088c00000, 0x0000000088c00000, 0x0000000088d00000|  0%| F|  |TAMS 0x0000000088c00000, 0x0000000088c00000| Untracked 
| 141|0x0000000088d00000, 0x0000000088d00000, 0x0000000088e00000|  0%| F|  |TAMS 0x0000000088d00000, 0x0000000088d00000| Untracked 
| 142|0x0000000088e00000, 0x0000000088e00000, 0x0000000088f00000|  0%| F|  |TAMS 0x0000000088e00000, 0x0000000088e00000| Untracked 
| 143|0x0000000088f00000, 0x0000000088f00000, 0x0000000089000000|  0%| F|  |TAMS 0x0000000088f00000, 0x0000000088f00000| Untracked 
| 144|0x0000000089000000, 0x0000000089000000, 0x0000000089100000|  0%| F|  |TAMS 0x0000000089000000, 0x0000000089000000| Untracked 
| 145|0x0000000089100000, 0x0000000089100000, 0x0000000089200000|  0%| F|  |TAMS 0x0000000089100000, 0x0000000089100000| Untracked 
| 146|0x0000000089200000, 0x0000000089200000, 0x0000000089300000|  0%| F|  |TAMS 0x0000000089200000, 0x0000000089200000| Untracked 
| 147|0x0000000089300000, 0x0000000089300000, 0x0000000089400000|  0%| F|  |TAMS 0x0000000089300000, 0x0000000089300000| Untracked 
| 148|0x0000000089400000, 0x0000000089400000, 0x0000000089500000|  0%| F|  |TAMS 0x0000000089400000, 0x0000000089400000| Untracked 
| 149|0x0000000089500000, 0x0000000089500000, 0x0000000089600000|  0%| F|  |TAMS 0x0000000089500000, 0x0000000089500000| Untracked 
| 150|0x0000000089600000, 0x0000000089600000, 0x0000000089700000|  0%| F|  |TAMS 0x0000000089600000, 0x0000000089600000| Untracked 
| 151|0x0000000089700000, 0x0000000089700000, 0x0000000089800000|  0%| F|  |TAMS 0x0000000089700000, 0x0000000089700000| Untracked 
| 152|0x0000000089800000, 0x0000000089800000, 0x0000000089900000|  0%| F|  |TAMS 0x0000000089800000, 0x0000000089800000| Untracked 
| 153|0x0000000089900000, 0x0000000089900000, 0x0000000089a00000|  0%| F|  |TAMS 0x0000000089900000, 0x0000000089900000| Untracked 
| 154|0x0000000089a00000, 0x0000000089a00000, 0x0000000089b00000|  0%| F|  |TAMS 0x0000000089a00000, 0x0000000089a00000| Untracked 
| 155|0x0000000089b00000, 0x0000000089b00000, 0x0000000089c00000|  0%| F|  |TAMS 0x0000000089b00000, 0x0000000089b00000| Untracked 
| 156|0x0000000089c00000, 0x0000000089c00000, 0x0000000089d00000|  0%| F|  |TAMS 0x0000000089c00000, 0x0000000089c00000| Untracked 
| 157|0x0000000089d00000, 0x0000000089d00000, 0x0000000089e00000|  0%| F|  |TAMS 0x0000000089d00000, 0x0000000089d00000| Untracked 
| 158|0x0000000089e00000, 0x0000000089e00000, 0x0000000089f00000|  0%| F|  |TAMS 0x0000000089e00000, 0x0000000089e00000| Untracked 
| 159|0x0000000089f00000, 0x0000000089f00000, 0x000000008a000000|  0%| F|  |TAMS 0x0000000089f00000, 0x0000000089f00000| Untracked 
| 160|0x000000008a000000, 0x000000008a000000, 0x000000008a100000|  0%| F|  |TAMS 0x000000008a000000, 0x000000008a000000| Untracked 
| 161|0x000000008a100000, 0x000000008a100000, 0x000000008a200000|  0%| F|  |TAMS 0x000000008a100000, 0x000000008a100000| Untracked 
| 162|0x000000008a200000, 0x000000008a200000, 0x000000008a300000|  0%| F|  |TAMS 0x000000008a200000, 0x000000008a200000| Untracked 
| 163|0x000000008a300000, 0x000000008a300000, 0x000000008a400000|  0%| F|  |TAMS 0x000000008a300000, 0x000000008a300000| Untracked 
| 164|0x000000008a400000, 0x000000008a400000, 0x000000008a500000|  0%| F|  |TAMS 0x000000008a400000, 0x000000008a400000| Untracked 
| 165|0x000000008a500000, 0x000000008a500000, 0x000000008a600000|  0%| F|  |TAMS 0x000000008a500000, 0x000000008a500000| Untracked 
| 166|0x000000008a600000, 0x000000008a600000, 0x000000008a700000|  0%| F|  |TAMS 0x000000008a600000, 0x000000008a600000| Untracked 
| 167|0x000000008a700000, 0x000000008a700000, 0x000000008a800000|  0%| F|  |TAMS 0x000000008a700000, 0x000000008a700000| Untracked 
| 168|0x000000008a800000, 0x000000008a800000, 0x000000008a900000|  0%| F|  |TAMS 0x000000008a800000, 0x000000008a800000| Untracked 
| 169|0x000000008a900000, 0x000000008a900000, 0x000000008aa00000|  0%| F|  |TAMS 0x000000008a900000, 0x000000008a900000| Untracked 
| 170|0x000000008aa00000, 0x000000008aa00000, 0x000000008ab00000|  0%| F|  |TAMS 0x000000008aa00000, 0x000000008aa00000| Untracked 
| 171|0x000000008ab00000, 0x000000008ab00000, 0x000000008ac00000|  0%| F|  |TAMS 0x000000008ab00000, 0x000000008ab00000| Untracked 
| 172|0x000000008ac00000, 0x000000008ac00000, 0x000000008ad00000|  0%| F|  |TAMS 0x000000008ac00000, 0x000000008ac00000| Untracked 
| 173|0x000000008ad00000, 0x000000008ad00000, 0x000000008ae00000|  0%| F|  |TAMS 0x000000008ad00000, 0x000000008ad00000| Untracked 
| 174|0x000000008ae00000, 0x000000008ae00000, 0x000000008af00000|  0%| F|  |TAMS 0x000000008ae00000, 0x000000008ae00000| Untracked 
| 175|0x000000008af00000, 0x000000008af00000, 0x000000008b000000|  0%| F|  |TAMS 0x000000008af00000, 0x000000008af00000| Untracked 
| 176|0x000000008b000000, 0x000000008b000000, 0x000000008b100000|  0%| F|  |TAMS 0x000000008b000000, 0x000000008b000000| Untracked 
| 177|0x000000008b100000, 0x000000008b100000, 0x000000008b200000|  0%| F|  |TAMS 0x000000008b100000, 0x000000008b100000| Untracked 
| 178|0x000000008b200000, 0x000000008b200000, 0x000000008b300000|  0%| F|  |TAMS 0x000000008b200000, 0x000000008b200000| Untracked 
| 179|0x000000008b300000, 0x000000008b300000, 0x000000008b400000|  0%| F|  |TAMS 0x000000008b300000, 0x000000008b300000| Untracked 
| 180|0x000000008b400000, 0x000000008b400000, 0x000000008b500000|  0%| F|  |TAMS 0x000000008b400000, 0x000000008b400000| Untracked 
| 181|0x000000008b500000, 0x000000008b500000, 0x000000008b600000|  0%| F|  |TAMS 0x000000008b500000, 0x000000008b500000| Untracked 
| 182|0x000000008b600000, 0x000000008b600000, 0x000000008b700000|  0%| F|  |TAMS 0x000000008b600000, 0x000000008b600000| Untracked 
| 183|0x000000008b700000, 0x000000008b700000, 0x000000008b800000|  0%| F|  |TAMS 0x000000008b700000, 0x000000008b700000| Untracked 
| 184|0x000000008b800000, 0x000000008b800000, 0x000000008b900000|  0%| F|  |TAMS 0x000000008b800000, 0x000000008b800000| Untracked 
| 185|0x000000008b900000, 0x000000008b900000, 0x000000008ba00000|  0%| F|  |TAMS 0x000000008b900000, 0x000000008b900000| Untracked 
| 186|0x000000008ba00000, 0x000000008ba00000, 0x000000008bb00000|  0%| F|  |TAMS 0x000000008ba00000, 0x000000008ba00000| Untracked 
| 187|0x000000008bb00000, 0x000000008bb00000, 0x000000008bc00000|  0%| F|  |TAMS 0x000000008bb00000, 0x000000008bb00000| Untracked 
| 188|0x000000008bc00000, 0x000000008bc00000, 0x000000008bd00000|  0%| F|  |TAMS 0x000000008bc00000, 0x000000008bc00000| Untracked 
| 189|0x000000008bd00000, 0x000000008bd00000, 0x000000008be00000|  0%| F|  |TAMS 0x000000008bd00000, 0x000000008bd00000| Untracked 
| 190|0x000000008be00000, 0x000000008be00000, 0x000000008bf00000|  0%| F|  |TAMS 0x000000008be00000, 0x000000008be00000| Untracked 
| 191|0x000000008bf00000, 0x000000008bf00000, 0x000000008c000000|  0%| F|  |TAMS 0x000000008bf00000, 0x000000008bf00000| Untracked 
| 192|0x000000008c000000, 0x000000008c000000, 0x000000008c100000|  0%| F|  |TAMS 0x000000008c000000, 0x000000008c000000| Untracked 
| 193|0x000000008c100000, 0x000000008c100000, 0x000000008c200000|  0%| F|  |TAMS 0x000000008c100000, 0x000000008c100000| Untracked 
| 194|0x000000008c200000, 0x000000008c200000, 0x000000008c300000|  0%| F|  |TAMS 0x000000008c200000, 0x000000008c200000| Untracked 
| 195|0x000000008c300000, 0x000000008c300000, 0x000000008c400000|  0%| F|  |TAMS 0x000000008c300000, 0x000000008c300000| Untracked 
| 196|0x000000008c400000, 0x000000008c400000, 0x000000008c500000|  0%| F|  |TAMS 0x000000008c400000, 0x000000008c400000| Untracked 
| 197|0x000000008c500000, 0x000000008c500000, 0x000000008c600000|  0%| F|  |TAMS 0x000000008c500000, 0x000000008c500000| Untracked 
| 198|0x000000008c600000, 0x000000008c600000, 0x000000008c700000|  0%| F|  |TAMS 0x000000008c600000, 0x000000008c600000| Untracked 
| 199|0x000000008c700000, 0x000000008c700000, 0x000000008c800000|  0%| F|  |TAMS 0x000000008c700000, 0x000000008c700000| Untracked 
| 200|0x000000008c800000, 0x000000008c800000, 0x000000008c900000|  0%| F|  |TAMS 0x000000008c800000, 0x000000008c800000| Untracked 
| 201|0x000000008c900000, 0x000000008c900000, 0x000000008ca00000|  0%| F|  |TAMS 0x000000008c900000, 0x000000008c900000| Untracked 
| 202|0x000000008ca00000, 0x000000008ca9c3d0, 0x000000008cb00000| 61%| E|  |TAMS 0x000000008ca00000, 0x000000008ca00000| Complete 
| 203|0x000000008cb00000, 0x000000008cc00000, 0x000000008cc00000|100%| E|CS|TAMS 0x000000008cb00000, 0x000000008cb00000| Complete 
| 204|0x000000008cc00000, 0x000000008cd00000, 0x000000008cd00000|100%| E|CS|TAMS 0x000000008cc00000, 0x000000008cc00000| Complete 
| 205|0x000000008cd00000, 0x000000008ce00000, 0x000000008ce00000|100%| E|CS|TAMS 0x000000008cd00000, 0x000000008cd00000| Complete 
| 206|0x000000008ce00000, 0x000000008cf00000, 0x000000008cf00000|100%| E|CS|TAMS 0x000000008ce00000, 0x000000008ce00000| Complete 
| 207|0x000000008cf00000, 0x000000008d000000, 0x000000008d000000|100%| E|CS|TAMS 0x000000008cf00000, 0x000000008cf00000| Complete 
| 208|0x000000008d000000, 0x000000008d100000, 0x000000008d100000|100%| E|CS|TAMS 0x000000008d000000, 0x000000008d000000| Complete 
| 209|0x000000008d100000, 0x000000008d200000, 0x000000008d200000|100%| E|CS|TAMS 0x000000008d100000, 0x000000008d100000| Complete 
| 210|0x000000008d200000, 0x000000008d300000, 0x000000008d300000|100%| E|CS|TAMS 0x000000008d200000, 0x000000008d200000| Complete 
| 211|0x000000008d300000, 0x000000008d400000, 0x000000008d400000|100%| E|CS|TAMS 0x000000008d300000, 0x000000008d300000| Complete 
| 212|0x000000008d400000, 0x000000008d500000, 0x000000008d500000|100%| E|CS|TAMS 0x000000008d400000, 0x000000008d400000| Complete 
| 213|0x000000008d500000, 0x000000008d600000, 0x000000008d600000|100%| E|CS|TAMS 0x000000008d500000, 0x000000008d500000| Complete 
| 214|0x000000008d600000, 0x000000008d700000, 0x000000008d700000|100%| E|CS|TAMS 0x000000008d600000, 0x000000008d600000| Complete 
| 215|0x000000008d700000, 0x000000008d800000, 0x000000008d800000|100%| E|CS|TAMS 0x000000008d700000, 0x000000008d700000| Complete 
| 216|0x000000008d800000, 0x000000008d900000, 0x000000008d900000|100%| E|CS|TAMS 0x000000008d800000, 0x000000008d800000| Complete 
| 217|0x000000008d900000, 0x000000008da00000, 0x000000008da00000|100%| E|CS|TAMS 0x000000008d900000, 0x000000008d900000| Complete 
| 218|0x000000008da00000, 0x000000008db00000, 0x000000008db00000|100%| E|CS|TAMS 0x000000008da00000, 0x000000008da00000| Complete 
| 219|0x000000008db00000, 0x000000008dc00000, 0x000000008dc00000|100%| E|CS|TAMS 0x000000008db00000, 0x000000008db00000| Complete 
| 220|0x000000008dc00000, 0x000000008dd00000, 0x000000008dd00000|100%| E|CS|TAMS 0x000000008dc00000, 0x000000008dc00000| Complete 
| 221|0x000000008dd00000, 0x000000008de00000, 0x000000008de00000|100%| E|CS|TAMS 0x000000008dd00000, 0x000000008dd00000| Complete 
| 222|0x000000008de00000, 0x000000008df00000, 0x000000008df00000|100%| E|CS|TAMS 0x000000008de00000, 0x000000008de00000| Complete 
| 223|0x000000008df00000, 0x000000008e000000, 0x000000008e000000|100%| E|CS|TAMS 0x000000008df00000, 0x000000008df00000| Complete 
| 224|0x000000008e000000, 0x000000008e100000, 0x000000008e100000|100%| E|CS|TAMS 0x000000008e000000, 0x000000008e000000| Complete 
| 225|0x000000008e100000, 0x000000008e200000, 0x000000008e200000|100%| E|CS|TAMS 0x000000008e100000, 0x000000008e100000| Complete 
| 226|0x000000008e200000, 0x000000008e300000, 0x000000008e300000|100%| E|CS|TAMS 0x000000008e200000, 0x000000008e200000| Complete 
| 227|0x000000008e300000, 0x000000008e400000, 0x000000008e400000|100%| E|CS|TAMS 0x000000008e300000, 0x000000008e300000| Complete 
| 228|0x000000008e400000, 0x000000008e500000, 0x000000008e500000|100%| E|CS|TAMS 0x000000008e400000, 0x000000008e400000| Complete 
| 229|0x000000008e500000, 0x000000008e600000, 0x000000008e600000|100%| E|CS|TAMS 0x000000008e500000, 0x000000008e500000| Complete 
| 230|0x000000008e600000, 0x000000008e700000, 0x000000008e700000|100%| E|CS|TAMS 0x000000008e600000, 0x000000008e600000| Complete 
| 231|0x000000008e700000, 0x000000008e800000, 0x000000008e800000|100%| E|CS|TAMS 0x000000008e700000, 0x000000008e700000| Complete 
| 232|0x000000008e800000, 0x000000008e900000, 0x000000008e900000|100%| E|CS|TAMS 0x000000008e800000, 0x000000008e800000| Complete 
| 233|0x000000008e900000, 0x000000008ea00000, 0x000000008ea00000|100%| E|CS|TAMS 0x000000008e900000, 0x000000008e900000| Complete 
| 234|0x000000008ea00000, 0x000000008eb00000, 0x000000008eb00000|100%| E|CS|TAMS 0x000000008ea00000, 0x000000008ea00000| Complete 
| 235|0x000000008eb00000, 0x000000008ec00000, 0x000000008ec00000|100%| E|CS|TAMS 0x000000008eb00000, 0x000000008eb00000| Complete 
| 236|0x000000008ec00000, 0x000000008ed00000, 0x000000008ed00000|100%| E|CS|TAMS 0x000000008ec00000, 0x000000008ec00000| Complete 
| 237|0x000000008ed00000, 0x000000008ee00000, 0x000000008ee00000|100%| E|CS|TAMS 0x000000008ed00000, 0x000000008ed00000| Complete 
| 238|0x000000008ee00000, 0x000000008ef00000, 0x000000008ef00000|100%| E|CS|TAMS 0x000000008ee00000, 0x000000008ee00000| Complete 
| 239|0x000000008ef00000, 0x000000008f000000, 0x000000008f000000|100%| E|CS|TAMS 0x000000008ef00000, 0x000000008ef00000| Complete 
| 240|0x000000008f000000, 0x000000008f100000, 0x000000008f100000|100%| E|CS|TAMS 0x000000008f000000, 0x000000008f000000| Complete 
| 241|0x000000008f100000, 0x000000008f200000, 0x000000008f200000|100%| E|CS|TAMS 0x000000008f100000, 0x000000008f100000| Complete 
| 242|0x000000008f200000, 0x000000008f300000, 0x000000008f300000|100%| E|CS|TAMS 0x000000008f200000, 0x000000008f200000| Complete 
| 243|0x000000008f300000, 0x000000008f400000, 0x000000008f400000|100%| E|CS|TAMS 0x000000008f300000, 0x000000008f300000| Complete 
| 244|0x000000008f400000, 0x000000008f500000, 0x000000008f500000|100%| E|CS|TAMS 0x000000008f400000, 0x000000008f400000| Complete 
| 245|0x000000008f500000, 0x000000008f600000, 0x000000008f600000|100%| E|CS|TAMS 0x000000008f500000, 0x000000008f500000| Complete 
| 246|0x000000008f600000, 0x000000008f700000, 0x000000008f700000|100%| E|CS|TAMS 0x000000008f600000, 0x000000008f600000| Complete 
| 247|0x000000008f700000, 0x000000008f800000, 0x000000008f800000|100%| E|CS|TAMS 0x000000008f700000, 0x000000008f700000| Complete 
| 248|0x000000008f800000, 0x000000008f900000, 0x000000008f900000|100%| E|CS|TAMS 0x000000008f800000, 0x000000008f800000| Complete 
| 249|0x000000008f900000, 0x000000008fa00000, 0x000000008fa00000|100%| E|CS|TAMS 0x000000008f900000, 0x000000008f900000| Complete 
| 250|0x000000008fa00000, 0x000000008fb00000, 0x000000008fb00000|100%| E|CS|TAMS 0x000000008fa00000, 0x000000008fa00000| Complete 
| 251|0x000000008fb00000, 0x000000008fc00000, 0x000000008fc00000|100%| E|CS|TAMS 0x000000008fb00000, 0x000000008fb00000| Complete 

Card table byte_map: [0x00000166d85c0000,0x00000166d89c0000] _byte_map_base: 0x00000166d81c0000

Marking Bits (Prev, Next): (CMBitMap*) 0x00000166c53c0588, (CMBitMap*) 0x00000166c53c05c0
 Prev Bits: [0x00000166d8dc0000, 0x00000166dadc0000)
 Next Bits: [0x00000166dadc0000, 0x00000166dcdc0000)

Polling page: 0x00000166c32e0000

Metaspace:

Usage:
  Non-class:     40.83 MB capacity,    40.07 MB ( 98%) used,   653.58 KB (  2%) free+waste,   121.81 KB ( <1%) overhead. 
      Class:      6.27 MB capacity,     5.85 MB ( 93%) used,   373.89 KB (  6%) free+waste,    57.75 KB ( <1%) overhead. 
       Both:     47.10 MB capacity,    45.92 MB ( 97%) used,     1.00 MB (  2%) free+waste,   179.56 KB ( <1%) overhead. 

Virtual space:
  Non-class space:       42.00 MB reserved,      40.87 MB ( 97%) committed 
      Class space:        1.00 GB reserved,       6.38 MB ( <1%) committed 
             Both:        1.04 GB reserved,      47.25 MB (  4%) committed 

Chunk freelists:
   Non-Class:  42.00 KB
       Class:  0 bytes
        Both:  42.00 KB

MaxMetaspaceSize: 17179869184.00 GB
CompressedClassSpaceSize: 1.00 GB
Initial GC threshold: 20.80 MB
Current GC threshold: 58.54 MB
CDS: off

CodeHeap 'non-profiled nmethods': size=120000Kb used=2684Kb max_used=2684Kb free=117315Kb
 bounds [0x00000166d0960000, 0x00000166d0c00000, 0x00000166d7e90000]
CodeHeap 'profiled nmethods': size=120000Kb used=10263Kb max_used=10263Kb free=109736Kb
 bounds [0x00000166c9430000, 0x00000166c9e40000, 0x00000166d0960000]
CodeHeap 'non-nmethods': size=5760Kb used=2293Kb max_used=2331Kb free=3467Kb
 bounds [0x00000166c8e90000, 0x00000166c9100000, 0x00000166c9430000]
 total_blobs=5930 nmethods=5143 adapters=698
 compilation: enabled
              stopped_count=0, restarted_count=0
 full_count=0

Compilation events (20 events):
Event: 38.161 Thread 0x00000166e00fc000 5151       3       java.util.LinkedHashMap::afterNodeRemoval (65 bytes)
Event: 38.161 Thread 0x00000166e00fc000 nmethod 5151 0x00000166c9e2f090 code [0x00000166c9e2f260, 0x00000166c9e2f6d8]
Event: 38.161 Thread 0x00000166e00fc000 5154       3       sun.security.provider.DigestBase::engineUpdate (189 bytes)
Event: 38.163 Thread 0x00000166e00fc000 nmethod 5154 0x00000166c9e2f810 code [0x00000166c9e2fa80, 0x00000166c9e30718]
Event: 38.163 Thread 0x00000166e00fc000 5152   !   3       org.gradle.cache.internal.DefaultFileLockManager$DefaultFileLock::doWriteAction (66 bytes)
Event: 38.164 Thread 0x00000166e00fc000 nmethod 5152 0x00000166c9e30a90 code [0x00000166c9e30d00, 0x00000166c9e31538]
Event: 38.165 Thread 0x00000166e00fc000 5155       3       org.gradle.cache.internal.filelock.LockFileAccess::markClean (21 bytes)
Event: 38.165 Thread 0x00000166e00fc000 nmethod 5155 0x00000166c9e31a90 code [0x00000166c9e31c80, 0x00000166c9e320c8]
Event: 38.165 Thread 0x00000166e00fc000 5153       3       org.gradle.cache.internal.filelock.LockFileAccess::markDirty (21 bytes)
Event: 38.166 Thread 0x00000166e00fc000 nmethod 5153 0x00000166c9e32310 code [0x00000166c9e324e0, 0x00000166c9e32808]
Event: 38.166 Thread 0x00000166e00fc000 5156       3       org.gradle.cache.internal.AsyncCacheAccessDecoratedCache$$Lambda$323/0x00000001004dcc40::run (20 bytes)
Event: 38.166 Thread 0x00000166e00fc000 nmethod 5156 0x00000166c9e32a10 code [0x00000166c9e32c00, 0x00000166c9e33008]
Event: 38.166 Thread 0x00000166e00fc000 5157   !   3       org.gradle.cache.internal.AsyncCacheAccessDecoratedCache::lambda$putLater$1 (32 bytes)
Event: 38.167 Thread 0x00000166e00fc000 nmethod 5157 0x00000166c9e33210 code [0x00000166c9e33400, 0x00000166c9e33788]
Event: 38.167 Thread 0x00000166e00fc000 5159       3       org.gradle.internal.serialize.BaseSerializerFactory$LongSerializer::write (10 bytes)
Event: 38.167 Thread 0x00000166e00fc000 nmethod 5159 0x00000166c9e33910 code [0x00000166c9e33ae0, 0x00000166c9e33e28]
Event: 38.167 Thread 0x00000166e00fc000 5160       3       org.gradle.internal.serialize.AbstractEncoder::<init> (5 bytes)
Event: 38.167 Thread 0x00000166e00fc000 nmethod 5160 0x00000166c9e33f90 code [0x00000166c9e34140, 0x00000166c9e34298]
Event: 38.176 Thread 0x00000166e00fc000 5161       3       org.gradle.cache.internal.btree.BlockPayload::getPos (8 bytes)
Event: 38.176 Thread 0x00000166e00fc000 nmethod 5161 0x00000166c9e34390 code [0x00000166c9e34540, 0x00000166c9e34788]

GC Heap History (10 events):
Event: 8.363 GC heap before
{Heap before GC invocations=0 (full 0):
 garbage-first heap   total 258048K, used 29696K [0x0000000080000000, 0x0000000100000000)
  region size 1024K, 24 young (24576K), 0 survivors (0K)
 Metaspace       used 9815K, capacity 9994K, committed 10112K, reserved 1058816K
  class space    used 1023K, capacity 1102K, committed 1152K, reserved 1048576K
}
Event: 8.370 GC heap after
{Heap after GC invocations=1 (full 0):
 garbage-first heap   total 258048K, used 9160K [0x0000000080000000, 0x0000000100000000)
  region size 1024K, 3 young (3072K), 3 survivors (3072K)
 Metaspace       used 9815K, capacity 9994K, committed 10112K, reserved 1058816K
  class space    used 1023K, capacity 1102K, committed 1152K, reserved 1048576K
}
Event: 23.790 GC heap before
{Heap before GC invocations=1 (full 0):
 garbage-first heap   total 258048K, used 105416K [0x0000000080000000, 0x0000000100000000)
  region size 1024K, 98 young (100352K), 3 survivors (3072K)
 Metaspace       used 20614K, capacity 21158K, committed 21296K, reserved 1069056K
  class space    used 2513K, capacity 2688K, committed 2688K, reserved 1048576K
}
Event: 23.807 GC heap after
{Heap after GC invocations=2 (full 0):
 garbage-first heap   total 258048K, used 16413K [0x0000000080000000, 0x0000000100000000)
  region size 1024K, 11 young (11264K), 11 survivors (11264K)
 Metaspace       used 20614K, capacity 21158K, committed 21296K, reserved 1069056K
  class space    used 2513K, capacity 2688K, committed 2688K, reserved 1048576K
}
Event: 25.788 GC heap before
{Heap before GC invocations=3 (full 0):
 garbage-first heap   total 258048K, used 54301K [0x0000000080000000, 0x0000000100000000)
  region size 1024K, 48 young (49152K), 11 survivors (11264K)
 Metaspace       used 24231K, capacity 24764K, committed 25008K, reserved 1071104K
  class space    used 3116K, capacity 3319K, committed 3328K, reserved 1048576K
}
Event: 25.800 GC heap after
{Heap after GC invocations=4 (full 0):
 garbage-first heap   total 258048K, used 18261K [0x0000000080000000, 0x0000000100000000)
  region size 1024K, 2 young (2048K), 2 survivors (2048K)
 Metaspace       used 24231K, capacity 24764K, committed 25008K, reserved 1071104K
  class space    used 3116K, capacity 3319K, committed 3328K, reserved 1048576K
}
Event: 28.229 GC heap before
{Heap before GC invocations=4 (full 0):
 garbage-first heap   total 258048K, used 93013K [0x0000000080000000, 0x0000000100000000)
  region size 1024K, 77 young (78848K), 2 survivors (2048K)
 Metaspace       used 34841K, capacity 35614K, committed 35708K, reserved 1081344K
  class space    used 4531K, capacity 4832K, committed 4864K, reserved 1048576K
}
Event: 28.245 GC heap after
{Heap after GC invocations=5 (full 0):
 garbage-first heap   total 258048K, used 22562K [0x0000000080000000, 0x0000000100000000)
  region size 1024K, 6 young (6144K), 6 survivors (6144K)
 Metaspace       used 34841K, capacity 35614K, committed 35708K, reserved 1081344K
  class space    used 4531K, capacity 4832K, committed 4864K, reserved 1048576K
}
Event: 33.364 GC heap before
{Heap before GC invocations=6 (full 0):
 garbage-first heap   total 258048K, used 141346K [0x0000000080000000, 0x0000000100000000)
  region size 1024K, 119 young (121856K), 6 survivors (6144K)
 Metaspace       used 44378K, capacity 45481K, committed 45692K, reserved 1089536K
  class space    used 5683K, capacity 6065K, committed 6144K, reserved 1048576K
}
Event: 33.384 GC heap after
{Heap after GC invocations=7 (full 0):
 garbage-first heap   total 258048K, used 28827K [0x0000000080000000, 0x0000000100000000)
  region size 1024K, 12 young (12288K), 12 survivors (12288K)
 Metaspace       used 44378K, capacity 45481K, committed 45692K, reserved 1089536K
  class space    used 5683K, capacity 6065K, committed 6144K, reserved 1048576K
}

Deoptimization events (20 events):
Event: 35.568 Thread 0x00000166e38f2000 Uncommon trap: trap_request=0xffffffcc fr.pc=0x00000166d0bd9efc relative=0x00000000000010dc
Event: 35.569 Thread 0x00000166e38ef800 Uncommon trap: trap_request=0xffffffcc fr.pc=0x00000166d0bd9efc relative=0x00000000000010dc
Event: 35.569 Thread 0x00000166e38f2000 Uncommon trap: reason=intrinsic_or_type_checked_inlining action=make_not_entrant pc=0x00000166d0bd9efc method=java.util.ArrayList.toArray([Ljava/lang/Object;)[Ljava/lang/Object; @ 36 c2
Event: 35.569 Thread 0x00000166e38f2000 DEOPT PACKING pc=0x00000166d0bd9efc sp=0x0000004ffcafdfb0
Event: 35.569 Thread 0x00000166e38f2000 DEOPT UNPACKING pc=0x00000166c8eda1af sp=0x0000004ffcafdf08 mode 2
Event: 35.571 Thread 0x00000166e38ef800 Uncommon trap: reason=intrinsic_or_type_checked_inlining action=make_not_entrant pc=0x00000166d0bd9efc method=java.util.ArrayList.toArray([Ljava/lang/Object;)[Ljava/lang/Object; @ 36 c2
Event: 35.571 Thread 0x00000166e38ef800 DEOPT PACKING pc=0x00000166d0bd9efc sp=0x0000004ffc9fdb50
Event: 35.571 Thread 0x00000166e38ef800 DEOPT UNPACKING pc=0x00000166c8eda1af sp=0x0000004ffc9fdaa8 mode 2
Event: 35.578 Thread 0x00000166e38ed800 DEOPT PACKING pc=0x00000166c9abcdf4 sp=0x0000004ffcbfcfe0
Event: 35.578 Thread 0x00000166e38ed800 DEOPT UNPACKING pc=0x00000166c8eda95e sp=0x0000004ffcbfc580 mode 0
Event: 35.654 Thread 0x00000166e212a800 DEOPT PACKING pc=0x00000166c9abcdf4 sp=0x0000004ffaff7d40
Event: 35.654 Thread 0x00000166e212a800 DEOPT UNPACKING pc=0x00000166c8eda95e sp=0x0000004ffaff72e0 mode 0
Event: 35.732 Thread 0x00000166e38ed800 DEOPT PACKING pc=0x00000166c9abcdf4 sp=0x0000004ffcbfd0d0
Event: 35.732 Thread 0x00000166e38ed800 DEOPT UNPACKING pc=0x00000166c8eda95e sp=0x0000004ffcbfc670 mode 0
Event: 38.125 Thread 0x00000166e212a800 DEOPT PACKING pc=0x00000166c9abcdf4 sp=0x0000004ffaff9c50
Event: 38.125 Thread 0x00000166e212a800 DEOPT UNPACKING pc=0x00000166c8eda95e sp=0x0000004ffaff91f0 mode 0
Event: 38.128 Thread 0x00000166e212a800 DEOPT PACKING pc=0x00000166c9abcdf4 sp=0x0000004ffaff9c50
Event: 38.128 Thread 0x00000166e212a800 DEOPT UNPACKING pc=0x00000166c8eda95e sp=0x0000004ffaff91f0 mode 0
Event: 38.161 Thread 0x00000166e1c75000 DEOPT PACKING pc=0x00000166c978817a sp=0x0000004ffb8fe470
Event: 38.161 Thread 0x00000166e1c75000 DEOPT UNPACKING pc=0x00000166c8eda95e sp=0x0000004ffb8fd8a8 mode 0

Classes redefined (0 events):
No events

Internal exceptions (20 events):
Event: 31.845 Thread 0x00000166e212a800 Exception <a 'java/lang/ClassNotFoundException'{0x000000008a582c68}: org/gradle/api/internal/DefaultNamedDomainObjectListCustomizer> (0x000000008a582c68) thrown at [./src/hotspot/share/classfile/systemDictionary.cpp, line 231]
Event: 31.848 Thread 0x00000166e212a800 Exception <a 'java/lang/ClassNotFoundException'{0x000000008a5d7850}: org/gradle/api/internal/artifacts/DefaultArtifactRepositoryContainerCustomizer> (0x000000008a5d7850) thrown at [./src/hotspot/share/classfile/systemDictionary.cpp, line 231]
Event: 31.850 Thread 0x00000166e212a800 Exception <a 'java/lang/ClassNotFoundException'{0x000000008a4221c0}: org/gradle/api/internal/artifacts/dsl/DefaultRepositoryHandlerCustomizer> (0x000000008a4221c0) thrown at [./src/hotspot/share/classfile/systemDictionary.cpp, line 231]
Event: 31.854 Thread 0x00000166e212a800 Exception <a 'java/lang/ClassNotFoundException'{0x000000008a47eca8}: org/gradle/api/internal/artifacts/dsl/DefaultRepositoryHandler_DecoratedCustomizer> (0x000000008a47eca8) thrown at [./src/hotspot/share/classfile/systemDictionary.cpp, line 231]
Event: 32.653 Thread 0x00000166e212a800 Exception <a 'java/lang/ClassNotFoundException'{0x000000008970c700}: org/gradle/api/internal/artifacts/dsl/dependencies/DefaultDependencyHandler_DecoratedBeanInfo> (0x000000008970c700) thrown at [./src/hotspot/share/classfile/systemDictionary.cpp, line 231]
Event: 32.654 Thread 0x00000166e212a800 Exception <a 'java/lang/ClassNotFoundException'{0x000000008974a7c0}: org/gradle/api/internal/artifacts/dsl/dependencies/DefaultDependencyHandlerBeanInfo> (0x000000008974a7c0) thrown at [./src/hotspot/share/classfile/systemDictionary.cpp, line 231]
Event: 32.655 Thread 0x00000166e212a800 Exception <a 'java/lang/ClassNotFoundException'{0x0000000089788f68}: org/gradle/api/internal/artifacts/dsl/dependencies/DefaultDependencyHandlerCustomizer> (0x0000000089788f68) thrown at [./src/hotspot/share/classfile/systemDictionary.cpp, line 231]
Event: 32.660 Thread 0x00000166e212a800 Exception <a 'java/lang/ClassNotFoundException'{0x00000000897f0618}: org/gradle/api/internal/artifacts/dsl/dependencies/DefaultDependencyHandler_DecoratedCustomizer> (0x00000000897f0618) thrown at [./src/hotspot/share/classfile/systemDictionary.cpp, line 231]
Event: 32.680 Thread 0x00000166e212a800 Exception <a 'java/lang/NoSuchMethodError'{0x0000000089505718}: 'java.lang.Object java.lang.invoke.DirectMethodHandle$Holder.invokeStatic(java.lang.Object, java.lang.Object, int, java.lang.Object)'> (0x0000000089505718) thrown at [./src/hotspot/share/interpreter/linkResolver.cpp, line 773]
Event: 32.681 Thread 0x00000166e212a800 Exception <a 'java/lang/NoSuchMethodError'{0x000000008950c9b0}: 'java.lang.Object java.lang.invoke.Invokers$Holder.linkToTargetMethod(java.lang.Object, int, java.lang.Object, java.lang.Object)'> (0x000000008950c9b0) thrown at [./src/hotspot/share/interpreter/linkResolver.cpp, line 773]
Event: 33.506 Thread 0x00000166e212a800 Exception <a 'java/lang/NoSuchMethodError'{0x000000008fa2f898}: 'java.lang.Object java.lang.invoke.DelegatingMethodHandle$Holder.reinvoke_L(java.lang.Object, java.lang.Object, java.lang.Object, java.lang.Object, java.lang.Object, java.lang.Object, java.lang.Object, java.lang.Object, java.lang.Object, java.lang.Object, java.lang.Object, java.lang.Object, java.lang.Object, java.lang.Object, java.lang.Object, java.lang.Object, java.lang.Object, java.lang.Object, java.lang.Object, java.lang.Object, java.lang.O
Event: 33.507 Thread 0x00000166e212a800 Exception <a 'java/lang/NoSuchMethodError'{0x000000008fa3b2a0}: 'java.lang.Object java.lang.invoke.DirectMethodHandle$Holder.invokeSpecial(java.lang.Object, java.lang.Object, java.lang.Object, java.lang.Object, java.lang.Object, java.lang.Object, java.lang.Object, java.lang.Object, java.lang.Object, java.lang.Object, java.lang.Object, java.lang.Object, java.lang.Object, java.lang.Object, java.lang.Object, java.lang.Object, java.lang.Object, java.lang.Object, java.lang.Object, java.lang.Object, java.lang.Ob
Event: 33.508 Thread 0x00000166e212a800 Exception <a 'java/lang/NoSuchMethodError'{0x000000008fa41490}: 'java.lang.Object java.lang.invoke.Invokers$Holder.invoker(java.lang.Object, java.lang.Object, java.lang.Object, java.lang.Object, java.lang.Object, java.lang.Object, java.lang.Object, java.lang.Object, java.lang.Object, java.lang.Object, java.lang.Object, java.lang.Object, java.lang.Object, java.lang.Object, java.lang.Object, java.lang.Object, java.lang.Object, java.lang.Object, java.lang.Object, java.lang.Object, java.lang.Object)'> (0x00000
Event: 33.509 Thread 0x00000166e212a800 Exception <a 'java/lang/NoSuchMethodError'{0x000000008fa48800}: 'java.lang.Object java.lang.invoke.DelegatingMethodHandle$Holder.delegate(java.lang.Object, java.lang.Object, java.lang.Object, java.lang.Object, java.lang.Object, java.lang.Object, java.lang.Object, java.lang.Object, java.lang.Object, java.lang.Object, java.lang.Object, java.lang.Object, java.lang.Object, java.lang.Object, java.lang.Object, java.lang.Object, java.lang.Object, java.lang.Object, java.lang.Object, java.lang.Object, java.lang.Obj
Event: 33.519 Thread 0x00000166e212a800 Exception <a 'java/lang/NoSuchMethodError'{0x000000008fad27f8}: 'java.lang.Object java.lang.invoke.DirectMethodHandle$Holder.invokeStatic(java.lang.Object, java.lang.Object, java.lang.Object, java.lang.Object, java.lang.Object, java.lang.Object, java.lang.Object, java.lang.Object, java.lang.Object, java.lang.Object, java.lang.Object, java.lang.Object, java.lang.Object, java.lang.Object, java.lang.Object)'> (0x000000008fad27f8) thrown at [./src/hotspot/share/interpreter/linkResolver.cpp, line 773]
Event: 33.522 Thread 0x00000166e212a800 Exception <a 'java/lang/NoSuchMethodError'{0x000000008fae2e30}: 'java.lang.Object java.lang.invoke.DirectMethodHandle$Holder.invokeStatic(java.lang.Object, java.lang.Object, java.lang.Object, java.lang.Object, java.lang.Object, java.lang.Object, java.lang.Object, java.lang.Object, java.lang.Object, java.lang.Object, java.lang.Object, java.lang.Object, java.lang.Object, java.lang.Object, java.lang.Object, java.lang.Object)'> (0x000000008fae2e30) thrown at [./src/hotspot/share/interpreter/linkResolver.cpp, l
Event: 33.525 Thread 0x00000166e212a800 Exception <a 'java/lang/NoSuchMethodError'{0x000000008faf3378}: 'java.lang.Object java.lang.invoke.DelegatingMethodHandle$Holder.reinvoke_L(java.lang.Object, java.lang.Object, java.lang.Object, java.lang.Object, java.lang.Object, java.lang.Object, java.lang.Object, java.lang.Object, java.lang.Object, java.lang.Object, java.lang.Object, java.lang.Object, java.lang.Object, java.lang.Object, java.lang.Object, java.lang.Object, java.lang.Object, java.lang.Object, java.lang.Object, java.lang.Object)'> (0x000000
Event: 33.596 Thread 0x00000166e212a800 Exception <a 'java/lang/IncompatibleClassChangeError'{0x000000008f67b560}: Found class java.lang.Object, but interface was expected> (0x000000008f67b560) thrown at [./src/hotspot/share/interpreter/linkResolver.cpp, line 839]
Event: 33.962 Thread 0x00000166e212a800 Exception <a 'java/lang/NoSuchMethodError'{0x000000008edcddb8}: 'int java.lang.invoke.DirectMethodHandle$Holder.invokeStaticInit(java.lang.Object)'> (0x000000008edcddb8) thrown at [./src/hotspot/share/interpreter/linkResolver.cpp, line 773]
Event: 35.139 Thread 0x00000166e212a800 Exception <a 'java/lang/NoSuchMethodError'{0x000000008de65da8}: 'void java.lang.invoke.DirectMethodHandle$Holder.invokeStatic(java.lang.Object, java.lang.Object, java.lang.Object, int, java.lang.Object)'> (0x000000008de65da8) thrown at [./src/hotspot/share/interpreter/linkResolver.cpp, line 773]

Events (20 events):
Event: 36.259 loading class org/gradle/internal/snapshot/AbstractListChildMap$2
Event: 36.259 loading class org/gradle/internal/snapshot/AbstractListChildMap$2 done
Event: 36.260 Thread 0x00000166e38f3800 Thread added: 0x00000166e38f3800
Event: 36.263 Thread 0x00000166e38f6000 Thread added: 0x00000166e38f6000
Event: 36.619 Thread 0x00000166e38f9000 Thread added: 0x00000166e38f9000
Event: 36.633 Thread 0x00000166e1996800 Thread added: 0x00000166e1996800
Event: 36.653 Thread 0x00000166e38fa000 Thread added: 0x00000166e38fa000
Event: 36.685 loading class org/gradle/internal/snapshot/LargeChildMap
Event: 36.685 loading class org/gradle/internal/snapshot/LargeChildMap done
Event: 37.090 Thread 0x00000166e1996800 Thread exited: 0x00000166e1996800
Event: 38.130 loading class org/gradle/api/internal/initialization/loadercache/DefaultClassLoaderCache$ManagedClassLoaderSpec
Event: 38.130 loading class org/gradle/api/internal/initialization/loadercache/DefaultClassLoaderCache$ManagedClassLoaderSpec done
Event: 38.130 loading class org/gradle/api/internal/initialization/loadercache/DefaultClassLoaderCache
Event: 38.130 loading class org/gradle/api/internal/initialization/loadercache/DefaultClassLoaderCache done
Event: 38.131 loading class org/gradle/api/internal/file/DefaultFileCollectionFactory$FixedFileCollection
Event: 38.131 loading class org/gradle/api/internal/file/DefaultFileCollectionFactory$FixedFileCollection done
Event: 38.132 loading class org/gradle/internal/fingerprint/impl/DefaultFileCollectionSnapshotter$SnapshottingVisitor
Event: 38.132 loading class org/gradle/internal/fingerprint/impl/DefaultFileCollectionSnapshotter$SnapshottingVisitor done
Event: 38.133 loading class org/gradle/internal/snapshot/FileSystemLocationSnapshot
Event: 38.133 loading class org/gradle/internal/snapshot/FileSystemLocationSnapshot done


Dynamic libraries:
0x00007ff6d1c50000 - 0x00007ff6d1c5a000 	G:\AndroidBeta\android-studio\jre\bin\java.exe
0x00007ffdd2b10000 - 0x00007ffdd2d08000 	C:\WINDOWS\SYSTEM32\ntdll.dll
0x00007ffdd1f20000 - 0x00007ffdd1fdd000 	C:\WINDOWS\System32\KERNEL32.DLL
0x00007ffdd0510000 - 0x00007ffdd07de000 	C:\WINDOWS\System32\KERNELBASE.dll
0x00007ffdd0880000 - 0x00007ffdd0980000 	C:\WINDOWS\System32\ucrtbase.dll
0x00007ffdcd440000 - 0x00007ffdcd457000 	G:\AndroidBeta\android-studio\jre\bin\VCRUNTIME140.dll
0x00007ffdca230000 - 0x00007ffdca249000 	G:\AndroidBeta\android-studio\jre\bin\jli.dll
0x00007ffdd1220000 - 0x00007ffdd13c0000 	C:\WINDOWS\System32\USER32.dll
0x00007ffdd07e0000 - 0x00007ffdd0802000 	C:\WINDOWS\System32\win32u.dll
0x00007ffdc1200000 - 0x00007ffdc149a000 	C:\WINDOWS\WinSxS\amd64_microsoft.windows.common-controls_6595b64144ccf1df_6.0.19041.1110_none_60b5254171f9507e\COMCTL32.dll
0x00007ffdd1a00000 - 0x00007ffdd1a2a000 	C:\WINDOWS\System32\GDI32.dll
0x00007ffdd1e80000 - 0x00007ffdd1f1e000 	C:\WINDOWS\System32\msvcrt.dll
0x00007ffdd0230000 - 0x00007ffdd033b000 	C:\WINDOWS\System32\gdi32full.dll
0x00007ffdd0390000 - 0x00007ffdd042d000 	C:\WINDOWS\System32\msvcp_win.dll
0x00007ffdd1c20000 - 0x00007ffdd1c50000 	C:\WINDOWS\System32\IMM32.DLL
0x00007ffda7d60000 - 0x00007ffda7dfd000 	G:\AndroidBeta\android-studio\jre\bin\msvcp140.dll
0x00007ffda0770000 - 0x00007ffda1255000 	G:\AndroidBeta\android-studio\jre\bin\server\jvm.dll
0x00007ffdd2110000 - 0x00007ffdd21be000 	C:\WINDOWS\System32\ADVAPI32.dll
0x00007ffdd1a50000 - 0x00007ffdd1aec000 	C:\WINDOWS\System32\sechost.dll
0x00007ffdd18d0000 - 0x00007ffdd19f5000 	C:\WINDOWS\System32\RPCRT4.dll
0x00007ffdd1c50000 - 0x00007ffdd1c58000 	C:\WINDOWS\System32\PSAPI.DLL
0x00007ffdcb750000 - 0x00007ffdcb759000 	C:\WINDOWS\SYSTEM32\WSOCK32.dll
0x00007ffdc2a10000 - 0x00007ffdc2a37000 	C:\WINDOWS\SYSTEM32\WINMM.dll
0x00007ffdd1d30000 - 0x00007ffdd1d9b000 	C:\WINDOWS\System32\WS2_32.dll
0x00007ffdc3d40000 - 0x00007ffdc3d4a000 	C:\WINDOWS\SYSTEM32\VERSION.dll
0x00007ffdceb10000 - 0x00007ffdceb22000 	C:\WINDOWS\SYSTEM32\kernel.appcore.dll
0x00007ffdc38d0000 - 0x00007ffdc38e1000 	G:\AndroidBeta\android-studio\jre\bin\verify.dll
0x00007ffdce8a0000 - 0x00007ffdcea84000 	C:\WINDOWS\SYSTEM32\DBGHELP.DLL
0x00007ffdbf840000 - 0x00007ffdbf86c000 	C:\WINDOWS\SYSTEM32\dbgcore.DLL
0x00007ffdd0ae0000 - 0x00007ffdd0b62000 	C:\WINDOWS\System32\bcryptPrimitives.dll
0x00007ffdc3250000 - 0x00007ffdc3279000 	G:\AndroidBeta\android-studio\jre\bin\java.dll
0x00007ffdca780000 - 0x00007ffdca78b000 	G:\AndroidBeta\android-studio\jre\bin\jimage.dll
0x00007ffdc2dd0000 - 0x00007ffdc2de8000 	G:\AndroidBeta\android-studio\jre\bin\zip.dll
0x00007ffdd2250000 - 0x00007ffdd2994000 	C:\WINDOWS\System32\SHELL32.dll
0x00007ffdce100000 - 0x00007ffdce894000 	C:\WINDOWS\SYSTEM32\windows.storage.dll
0x00007ffdd13c0000 - 0x00007ffdd1714000 	C:\WINDOWS\System32\combase.dll
0x00007ffdcfc90000 - 0x00007ffdcfcc0000 	C:\WINDOWS\SYSTEM32\Wldp.dll
0x00007ffdd1090000 - 0x00007ffdd113d000 	C:\WINDOWS\System32\SHCORE.dll
0x00007ffdd1c70000 - 0x00007ffdd1cc5000 	C:\WINDOWS\System32\shlwapi.dll
0x00007ffdd0170000 - 0x00007ffdd018f000 	C:\WINDOWS\SYSTEM32\profapi.dll
0x00007ffdc2c70000 - 0x00007ffdc2c8a000 	G:\AndroidBeta\android-studio\jre\bin\net.dll
0x00007ffdc6a00000 - 0x00007ffdc6b0a000 	C:\WINDOWS\SYSTEM32\WINHTTP.dll
0x00007ffdcf9f0000 - 0x00007ffdcfa5a000 	C:\WINDOWS\system32\mswsock.dll
0x00007ffdc2850000 - 0x00007ffdc2864000 	G:\AndroidBeta\android-studio\jre\bin\nio.dll
0x00007ffdc2d40000 - 0x00007ffdc2d67000 	C:\Users\AFAQE\.gradle\native\8bec1ad78214c89d9ad589b4d07fe93259594b29d510b10fafb7a158f7737e5d\windows-amd64\native-platform.dll
0x00007ffda0630000 - 0x00007ffda076d000 	C:\Users\AFAQE\.gradle\native\53dbd7edfb1c66fb8903c78663c9afc45aea4f116125fa6feffd364cf09443e8\windows-amd64\native-platform-file-events.dll
0x00007ffdc9dc0000 - 0x00007ffdc9dca000 	G:\AndroidBeta\android-studio\jre\bin\management.dll
0x00007ffdc38c0000 - 0x00007ffdc38cd000 	G:\AndroidBeta\android-studio\jre\bin\management_ext.dll
0x00007ffdcfbf0000 - 0x00007ffdcfc08000 	C:\WINDOWS\SYSTEM32\CRYPTSP.dll
0x00007ffdcf300000 - 0x00007ffdcf334000 	C:\WINDOWS\system32\rsaenh.dll
0x00007ffdd04e0000 - 0x00007ffdd0507000 	C:\WINDOWS\System32\bcrypt.dll
0x00007ffdd0130000 - 0x00007ffdd015e000 	C:\WINDOWS\SYSTEM32\USERENV.dll
0x00007ffdcfbe0000 - 0x00007ffdcfbec000 	C:\WINDOWS\SYSTEM32\CRYPTBASE.dll
0x00007ffdcf690000 - 0x00007ffdcf6cb000 	C:\WINDOWS\SYSTEM32\IPHLPAPI.DLL
0x00007ffdd2100000 - 0x00007ffdd2108000 	C:\WINDOWS\System32\NSI.dll
0x00007ffdc7b10000 - 0x00007ffdc7b27000 	C:\WINDOWS\SYSTEM32\dhcpcsvc6.DLL
0x00007ffdc7af0000 - 0x00007ffdc7b0d000 	C:\WINDOWS\SYSTEM32\dhcpcsvc.DLL
0x00007ffdcf6e0000 - 0x00007ffdcf7aa000 	C:\WINDOWS\SYSTEM32\DNSAPI.dll

dbghelp: loaded successfully - version: 4.0.5 - missing functions: none
symbol engine: initialized successfully - sym options: 0x614 - pdb path: .;G:\AndroidBeta\android-studio\jre\bin;C:\WINDOWS\SYSTEM32;C:\WINDOWS\WinSxS\amd64_microsoft.windows.common-controls_6595b64144ccf1df_6.0.19041.1110_none_60b5254171f9507e;G:\AndroidBeta\android-studio\jre\bin\server;C:\Users\AFAQE\.gradle\native\8bec1ad78214c89d9ad589b4d07fe93259594b29d510b10fafb7a158f7737e5d\windows-amd64;C:\Users\AFAQE\.gradle\native\53dbd7edfb1c66fb8903c78663c9afc45aea4f116125fa6feffd364cf09443e8\windows-amd64

VM Arguments:
jvm_args: --add-opens=java.base/java.util=ALL-UNNAMED --add-opens=java.base/java.lang=ALL-UNNAMED --add-opens=java.base/java.lang.invoke=ALL-UNNAMED --add-opens=java.base/java.util=ALL-UNNAMED --add-opens=java.prefs/java.util.prefs=ALL-UNNAMED --add-opens=java.prefs/java.util.prefs=ALL-UNNAMED --add-opens=java.base/java.nio.charset=ALL-UNNAMED --add-opens=java.base/java.net=ALL-UNNAMED --add-opens=java.base/java.util.concurrent.atomic=ALL-UNNAMED -Xmx2048m -Dfile.encoding=UTF-8 -Duser.country=US -Duser.language=en -Duser.variant 
java_command: org.gradle.launcher.daemon.bootstrap.GradleDaemon 7.0.2
java_class_path (initial): C:\Users\AFAQE\.gradle\wrapper\dists\gradle-7.0.2-bin\857tjihv64xamwrf0h14cai3r\gradle-7.0.2\lib\gradle-launcher-7.0.2.jar
Launcher Type: SUN_STANDARD

[Global flags]
     intx CICompilerCount                          = 4                                         {product} {ergonomic}
     uint ConcGCThreads                            = 2                                         {product} {ergonomic}
     uint G1ConcRefinementThreads                  = 8                                         {product} {ergonomic}
   size_t G1HeapRegionSize                         = 1048576                                   {product} {ergonomic}
    uintx GCDrainStackTargetSize                   = 64                                        {product} {ergonomic}
   size_t InitialHeapSize                          = 264241152                                 {product} {ergonomic}
   size_t MarkStackSize                            = 4194304                                   {product} {ergonomic}
   size_t MaxHeapSize                              = 2147483648                                {product} {command line}
   size_t MaxNewSize                               = 1287651328                                {product} {ergonomic}
   size_t MinHeapDeltaBytes                        = 1048576                                   {product} {ergonomic}
    uintx NonNMethodCodeHeapSize                   = 5836300                                {pd product} {ergonomic}
    uintx NonProfiledCodeHeapSize                  = 122910970                              {pd product} {ergonomic}
    uintx ProfiledCodeHeapSize                     = 122910970                              {pd product} {ergonomic}
    uintx ReservedCodeCacheSize                    = 251658240                              {pd product} {ergonomic}
     bool SegmentedCodeCache                       = true                                      {product} {ergonomic}
     bool UseCompressedClassPointers               = true                                 {lp64_product} {ergonomic}
     bool UseCompressedOops                        = true                                 {lp64_product} {ergonomic}
     bool UseG1GC                                  = true                                      {product} {ergonomic}
     bool UseLargePagesIndividualAllocation        = false                                  {pd product} {ergonomic}

Logging:
Log output configuration:
 #0: stdout all=warning uptime,level,tags
 #1: stderr all=off uptime,level,tags

Environment Variables:
JAVA_HOME=C:\Program Files\Java\jre1.8.0_281
PATH=C:\Program Files\Microsoft MPI\Bin\;C:\ProgramData\Oracle\Java\javapath;C:\Program Files (x86)\Common Files\Oracle\Java\javapath;C:\WINDOWS\system32;C:\WINDOWS;C:\WINDOWS\System32\Wbem;C:\WINDOWS\System32\WindowsPowerShell\v1.0\;C:\WINDOWS\System32\OpenSSH\;C:\Program Files (x86)\Microsoft SQL Server\100\Tools\Binn\;C:\Program Files\Microsoft SQL Server\100\Tools\Binn\;C:\Program Files\Microsoft SQL Server\100\DTS\Binn\;C:\Program Files\Microsoft SQL Server\Client SDK\ODBC\170\Tools\Binn\;C:\Program Files\Microsoft SQL Server\Client SDK\ODBC\130\Tools\Binn\;C:\Program Files\dotnet\;G:\Git\Git\cmd;C:\Users\AFAQE\AppData\Local\Microsoft\WindowsApps;;C:\Users\AFAQE\AppData\Local\Programs\Microsoft VS Code\bin;C:\Users\AFAQE\.dotnet\tools;C:\Users\AFAQE\AppData\Local\Microsoft\WindowsApps;C:\Program Files\Azure Data Studio\bin;C:\Program Files\JetBrains\PyCharm Community Edition 2021.2.3\bin;
USERNAME=AFAQE
OS=Windows_NT
PROCESSOR_IDENTIFIER=Intel64 Family 6 Model 60 Stepping 3, GenuineIntel



---------------  S Y S T E M  ---------------

OS: Windows 10 , 64 bit Build 19041 (10.0.19041.1889)
OS uptime: 4 days 16:57 hours

CPU:total 8 (initial active 8) (4 cores per cpu, 2 threads per core) family 6 model 60 stepping 3 microcode 0x27, cmov, cx8, fxsr, mmx, sse, sse2, sse3, ssse3, sse4.1, sse4.2, popcnt, avx, avx2, aes, clmul, erms, lzcnt, ht, tsc, tscinvbit, bmi1, bmi2, fma

Memory: 4k page, system-wide physical 16041M (443M free)
TotalPageFile size 27645M (AvailPageFile size 3M)
current process WorkingSet (physical memory assigned to process): 299M, peak: 308M
current process commit charge ("private bytes"): 439M, peak: 452M

vm_info: OpenJDK 64-Bit Server VM (11.0.12+7-b1504.28-7817840) for windows-amd64 JRE (11.0.12+7-b1504.28-7817840), built on Oct 13 2021 22:12:33 by "builder" with MS VC++ 14.0 (VS2015)

END.
